147161
147161
147161
12166
12166
12166
12166
12150
12150
12150
12236
12236
12236
8198
8198
8198
8198
8225
8225
8225
8279
8279
8302
8302
8302
8302
8318
8318
8318
8323
8323
8323
8323
8309
8309
8309
8288
8288
8288
8288
8254
8254
8254
8227
8227
8227
8197
8197
8197
8197
12262
12262
12262
12240
12240
12240
12222
12222
12222
12222
147385
147385
147385
12224
12224
12224
12234
12234
12234
12251
12251
12251
12264
12264
12264
12264
8195
8195
8195
8208
8208
8208
8226
8226
8226
8226
8234
8234
8234
143404
143404
143404
8235
8235
8235
8235
8230
8230
8230
8218
8218
8218
8218
8213
8213
8213
8213
8195
8195
8195
12286
12286
12286
12286
12277
12277
12277
12273
12273
12273
12273
12270
12270
12270
12270
12270
12270
12274
12274
12274
12274
12277
12277
12277
12282
12282
12282
12287
12287
12287
12287
8197
8197
8197
8197
8199
8199
8199
8199
8203
8203
8203
8203
8203
8203
8201
8201
8201
1056779
1056779
1056779
1056779
1056776
1056776
1056776
1056773
1056773
1056773
1056768
1056768
1056768
1056768
2117632
2117632
2117632
1060861
1060861
1060861
1060857
1060857
1060857
1060860
1060860
1060860
1060860
1060856
1060856
1060856
1060856
1060858
1060858
1060858
1060857
1060857
1060857
1060857
1060859
1060859
1060859
1060859
1060859
1060859
1060860
1060860
1060860
1060860
1060863
1060863
1060863
1060862
1060862
1060862
1056768
1056768
1056768
1056768
1056769
1056769
1056769
1056769
1060863
1060863
1060863
2117632
2117632
2117632
1060861
1060861
1060861
1060861
1060861
1060860
1060860
1060860
1060860
1060860
1060860
1060859
1060859
1060859
1060859
1060858
1060858
1060858
1060858
1060858
1060858
1060858
1196026
1196026
1196026
1196025
1196025
1196025
1196025
1060857
1060857
1060857
1060857
1060857
1060857
1060857
1060858
1060858
1060858
1060857
1060857
1060857
1060858
1060858
1060858
1060859
1060859
1060859
1060859
1060859
1060859
1060859
1060859
1060859
1060859
1060861
1060861
1060861
1060861
1060859
1060859
1060859
1060859
1060862
1060862
1060862
1060859
1060859
1060859
1060860
1060860
1060860
1060859
1060859
1060859
1060860
1060860
1060860
1060860
1060861
1060861
1060861
1060860
1060860
1060860
1060858
1060858
1060858
1060858
1060858
1060858
1060858
1060861
1060861
1060861
1060857
1060857
1060857
1060857
1060858
1060858
1060858
1060862
1060862
1060860
1060860
1060860
1060860
1060863
1060863
1060863
1060860
1060860
1060860
1060860
1060862
1060862
1060862
1056769
1056769
1056769
1056769
1060861
1060861
1060861
1056769
1056769
1056769
1060859
1060859
1060859
1060861
1060861
1060861
1060861
1060861
1060862
1060862
1060862
1056770
1056770
1056770
1056770
1056770
1056770
1056770
1060862
1060862
1060862
1060861
1060861
1060861
1060861
1056771
1056771
1056771
1060863
1060863
1060863
1056769
1056769
1056769
1056769
1056772
1056772
1056772
1056772
1056770
1056770
1056770
1060863
1060863
1060863
1060863
1056769
1056769
1056769
1056769
1056770
1056770
1056770
1060862
1060862
1060862
1060862
2117632
2117632
2117632
1056769
1056769
1056769
1056771
1056771
1056771
1056773
1056773
1056773
1056773
1056772
1056772
1056772
1056772
1056772
1056772
1056772
1056772
1056772
1056772
1056772
1056771
1056771
1056771
1056768
1056768
1056768
1056769
1056769
1056769
1056769
1056771
1056771
1056771
1056771
1056771
1056771
1056771
1056771
1056771
1056772
1056772
1056772
1056774
1056774
1056774
1056774
1056775
1056775
1056773
1056773
1056773
1056773
1056773
1056773
1056773
1056772
1056772
1056772
1056775
1056775
1056775
1056775
1056774
1056774
1056774
1056774
1056772
1056772
1056772
2105349
2105349
2105349
2105348
2105348
2105348
2105348
2105348
2105348
2105348
2105348
2105348
2105348
2105348
2105348
2105348
2367492
2367492
2367492
2367492
2367490
2367490
2367490
2367488
2367488
2367488
4739072
4739072
4739072
4739072
2367488
2367488
2367488
2367490
2367490
2367490
2367491
2367491
2367491
2367494
2367494
2367494
2367494
2240521
2240521
2240521
2105356
2105356
2105356
2105356
2105356
2105356
2105356
2105356
2105356
2105356
2105356
2105356
2105356
2105356
2105356
2105356
2105356
2105353
2105353
2105353
2105353
2105352
2105352
2105352
2105350
2105350
2105350
2105345
2105345
2105345
2105345
2109438
2109438
2109438
2105345
2105345
2105345
2105345
2109437
2109437
2109437
2105345
2105345
2105345
2105345
2105345
2105345
2105345
2105346
2105346
2105346
2105346
2105345
2105345
2105345
2105350
2105350
2105350
2105347
2105347
2105347
2105349
2105349
2105349
2105349
2105349
2105349
2105349
2105349
2105349
2105349
2105353
2105353
2105353
2105353
2105351
2105351
2105351
2105352
2105352
2105352
2105352
2105347
2105347
2105347
2105346
2105346
2105346
2109436
2109436
2109436
2109436
2109437
2109437
2109437
2105345
2105345
2105345
2109438
2109438
2109438
2109438
2105346
2105346
2105346
2109439
2109439
2109439
2109439
2109439
2109439
2109439
2109439
2105345
2105345
2105345
2105348
2105348
2105348
2105347
2105347
2105347
2105347
2109439
2109439
2109439
2109439
2109439
2109439
2109439
2109439
2109439
2109439
2109439
2105346
2105346
2105346
2109439
2109439
2109439
2109437
2109437
2109437
2105345
2105345
2105345
2105345
2109436
2109436
2109436
2109436
2109436
2109436
2109439
2109439
2109439
2109436
2109436
2109436
2109438
2109438
2109438
2109435
2109435
2109435
2109435
2109437
2109437
2109437
2109434
2109434
2109434
2109434
2109434
2109434
2109434
2109435
2109435
2109435
2109435
2109435
2109435
2109435
2109435
2109435
2109435
2109438
2109438
2109438
2109437
2109437
2109437
2109437
2109436
2109436
2109436
2109436
2109436
2109436
2109437
2109437
2109437
2109438
2109438
2109438
2109438
2109435
2109435
2109435
2109436
2109436
2109436
2109434
2109434
2109434
2109434
2109435
2109435
2109435
2109435
2109434
2109434
2109434
2109433
2109433
2109433
2109433
2109434
2109434
2109434
2109434
2109434
2109434
2109434
2109434
2109434
2109434
2109435
2109435
2109435
2244603
2244603
2244603
2244603
2244603
2244603
2244603
2109435
2109435
2109435
2109435
2109435
2109435
2109435
2109434
2109434
2109434
2109435
2109435
2109435
2109435
2109435
2109435
2109435
2109434
2109434
2109434
2109435
2109435
2109435
2109435
2109435
2109435
2109435
3158012
3158012
3158012
3158012
3158012
3158012
3158012
3158014
3158014
3158014
3158013
3158013
3158013
3158014
3158014
3158014
3158014
3158014
3158014
3158014
3158014
3158014
3158014
3158014
3158015
3158015
3158015
3158015
3158015
3158015
3158015
3158013
3158013
3158013
3158013
3158015
3158015
3158015
3158015
3158015
3158015
3158015
3158014
3158014
3158014
3158014
3158014
3158014
6311936
6311936
6311936
6311936
6311936
6311936
3158014
3158014
3158014
3158014
3158015
3158015
3158015
3158015
3158015
3158015
6311936
6311936
6311936
3153920
3153920
3153920
3153920
3153921
3153921
3153921
3153920
3153920
3153920
3153923
3153923
3153923
3153923
3153923
3153923
3153923
3153922
3153922
3153922
3153921
3153921
3153921
3153922
3153922
3153922
3153922
3153922
3153922
3153923
3153923
3153923
3153923
3153922
3153922
3153922
3153922
3153925
3153925
3153925
3153923
3153923
3153923
3153925
3153925
3153925
3153923
3153923
3153923
3153924
3153924
3153924
3153924
3153923
3153923
3153924
3153924
3153924
3153924
3153924
3153924
3153924
3153924
3153924
3153924
3153925
3153925
3153925
3153924
3153924
3153924
3153925
3153925
3153925
3153925
3289093
3289093
3289093
3289093
3289093
3289093
3289093
3153926
3153926
3153926
3153927
3153927
3153927
3153927
3153926
3153926
3153926
3153926
3153926
3153926
3153926
3153926
3153926
3153926
3153926
3153926
3153926
3153925
3153925
3153925
3153926
3153926
3153926
3153926
3153926
3153926
3153924
3153924
3153924
3153926
3153926
3153926
3153926
3153925
3153925
3153925
3153924
3153924
3153924
3153924
3153924
3153924
3153924
3153924
3153924
3153924
3153927
3153927
3153927
3153927
3153929
3153929
3153929
3153922
3153922
3153922
3153926
3153926
3153926
3153926
3153923
3153923
3153923
3153925
3153925
3153925
3153923
3153923
3153923
3153925
3153925
3153925
3153925
3153925
3153925
3153925
3153925
3153925
3153925
3153926
3153926
3153926
3153926
3153924
3153924
3153924
3153924
3153924
3153924
3153924
3153924
3153926
3153926
3153926
3153922
3153922
3153922
3153924
3153924
3153924
3158015
3158015
3158015
3158015
3153922
3153922
3153922
3153923
3153923
3153923
3153925
3153925
3153925
3153920
3153920
3153920
3153920
